2021-10-23 13:42:06.329  INFO 13352 --- [main] icu.iseenu.fundbot.FundBotApplication    : Starting FundBotApplication using Java 1.8.0_181 on YuanComputer with PID 13352 (D:\Github\FundBot\target\classes started by jiyuan wang in D:\Github\FundBot)
2021-10-23 13:42:06.333  INFO 13352 --- [main] icu.iseenu.fundbot.FundBotApplication    : No active profile set, falling back to default profiles: default
2021-10-23 13:42:06.805  INFO 13352 --- [main] o.s.b.w.embedded.tomcat.TomcatWebServer  : Tomcat initialized with port(s): 8080 (http)
2021-10-23 13:42:06.810  INFO 13352 --- [main] o.apache.catalina.core.StandardService   : Starting service [Tomcat]
2021-10-23 13:42:06.811  INFO 13352 --- [main] org.apache.catalina.core.StandardEngine  : Starting Servlet engine: [Apache Tomcat/9.0.48]
2021-10-23 13:42:06.853  INFO 13352 --- [main] o.a.c.c.C.[Tomcat].[localhost].[/]       : Initializing Spring embedded WebApplicationContext
2021-10-23 13:42:06.853  INFO 13352 --- [main] w.s.c.ServletWebServerApplicationContext : Root WebApplicationContext: initialization completed in 495 ms
2021-10-23 13:42:07.033  INFO 13352 --- [main] o.s.b.w.embedded.tomcat.TomcatWebServer  : Tomcat started on port(s): 8080 (http) with context path ''
2021-10-23 13:42:07.041  INFO 13352 --- [main] icu.iseenu.fundbot.FundBotApplication    : Started FundBotApplication in 0.989 seconds (JVM running for 1.613)
2021-10-23 13:42:14.606  INFO 13352 --- [http-nio-8080-exec-1] o.a.c.c.C.[Tomcat].[localhost].[/]       : Initializing Spring DispatcherServlet 'dispatcherServlet'
2021-10-23 13:42:14.606  INFO 13352 --- [http-nio-8080-exec-1] o.s.web.servlet.DispatcherServlet        : Initializing Servlet 'dispatcherServlet'
2021-10-23 13:42:14.606  INFO 13352 --- [http-nio-8080-exec-1] o.s.web.servlet.DispatcherServlet        : Completed initialization in 0 ms
2021-10-23 14:30:00.009  INFO 13352 --- [scheduling-1] icu.iseenu.fundbot.crontab.Crontab       : start job ; 14:30
2021-10-23 14:30:00.723  INFO 13352 --- [scheduling-1] icu.iseenu.fundbot.crontab.Crontab       : 执行结果 true
2021-10-23 14:52:56.651  INFO 19540 --- [main] icu.iseenu.fundbot.FundBotApplication    : Starting FundBotApplication using Java 1.8.0_181 on YuanComputer with PID 19540 (D:\Github\FundBot\target\classes started by jiyuan wang in D:\Github\FundBot)
2021-10-23 14:52:56.652  INFO 19540 --- [main] icu.iseenu.fundbot.FundBotApplication    : No active profile set, falling back to default profiles: default
2021-10-23 14:52:57.078  INFO 19540 --- [main] o.s.b.w.embedded.tomcat.TomcatWebServer  : Tomcat initialized with port(s): 8080 (http)
2021-10-23 14:52:57.083  INFO 19540 --- [main] o.apache.catalina.core.StandardService   : Starting service [Tomcat]
2021-10-23 14:52:57.083  INFO 19540 --- [main] org.apache.catalina.core.StandardEngine  : Starting Servlet engine: [Apache Tomcat/9.0.48]
2021-10-23 14:52:57.125  INFO 19540 --- [main] o.a.c.c.C.[Tomcat].[localhost].[/]       : Initializing Spring embedded WebApplicationContext
2021-10-23 14:52:57.125  INFO 19540 --- [main] w.s.c.ServletWebServerApplicationContext : Root WebApplicationContext: initialization completed in 451 ms
2021-10-23 14:52:57.298  INFO 19540 --- [main] o.s.b.w.embedded.tomcat.TomcatWebServer  : Tomcat started on port(s): 8080 (http) with context path ''
2021-10-23 14:52:57.306  INFO 19540 --- [main] icu.iseenu.fundbot.FundBotApplication    : Started FundBotApplication in 0.87 seconds (JVM running for 1.428)
2021-10-23 14:54:04.223  INFO 19540 --- [http-nio-8080-exec-1] o.a.c.c.C.[Tomcat].[localhost].[/]       : Initializing Spring DispatcherServlet 'dispatcherServlet'
2021-10-23 14:54:04.224  INFO 19540 --- [http-nio-8080-exec-1] o.s.web.servlet.DispatcherServlet        : Initializing Servlet 'dispatcherServlet'
2021-10-23 14:54:04.224  INFO 19540 --- [http-nio-8080-exec-1] o.s.web.servlet.DispatcherServlet        : Completed initialization in 0 ms
2021-10-23 14:54:04.234  WARN 19540 --- [http-nio-8080-exec-1] i.i.f.Utils.WeekdayAndHolidayCheck       : Today is Sat Oct 23 14:54:04 CST 2021it's Not work
2021-10-23 14:57:05.093  INFO 19320 --- [main] icu.iseenu.fundbot.FundBotApplication    : Starting FundBotApplication using Java 1.8.0_181 on YuanComputer with PID 19320 (D:\Github\FundBot\target\classes started by jiyuan wang in D:\Github\FundBot)
2021-10-23 14:57:05.094  INFO 19320 --- [main] icu.iseenu.fundbot.FundBotApplication    : No active profile set, falling back to default profiles: default
2021-10-23 14:57:05.499  INFO 19320 --- [main] o.s.b.w.embedded.tomcat.TomcatWebServer  : Tomcat initialized with port(s): 8080 (http)
2021-10-23 14:57:05.503  INFO 19320 --- [main] o.apache.catalina.core.StandardService   : Starting service [Tomcat]
2021-10-23 14:57:05.503  INFO 19320 --- [main] org.apache.catalina.core.StandardEngine  : Starting Servlet engine: [Apache Tomcat/9.0.48]
2021-10-23 14:57:05.543  INFO 19320 --- [main] o.a.c.c.C.[Tomcat].[localhost].[/]       : Initializing Spring embedded WebApplicationContext
2021-10-23 14:57:05.543  INFO 19320 --- [main] w.s.c.ServletWebServerApplicationContext : Root WebApplicationContext: initialization completed in 426 ms
2021-10-23 14:57:05.714  INFO 19320 --- [main] o.s.b.w.embedded.tomcat.TomcatWebServer  : Tomcat started on port(s): 8080 (http) with context path ''
2021-10-23 14:57:05.721  INFO 19320 --- [main] icu.iseenu.fundbot.FundBotApplication    : Started FundBotApplication in 0.842 seconds (JVM running for 1.394)
2021-10-23 15:01:00.009  INFO 19320 --- [scheduling-1] icu.iseenu.fundbot.crontab.Crontab       : start job ; 15:01
2021-10-23 15:01:00.010  WARN 19320 --- [scheduling-1] i.i.f.Utils.WeekdayAndHolidayCheck       : Today is Sat Oct 23 15:01:00 CST 2021it's Not work
2021-10-23 15:01:00.010  INFO 19320 --- [scheduling-1] icu.iseenu.fundbot.crontab.Crontab       : 非工作时间不执行
